<?xml version="1.0" encoding="UTF-8"?>
<testsuite xmlns:xsi="http://www.w3.org/2001/XMLSchema-instance" xsi:noNamespaceSchemaLocation="https://maven.apache.org/surefire/maven-surefire-plugin/xsd/surefire-test-report-3.0.xsd" version="3.0" name="dev.shann.mcuserservice.McUserServiceTest" time="0.649" tests="4" errors="0" skipped="0" failures="0">
  <properties>
[...]
</properties>
  <testcase name="shouldCreateNewUser" classname="dev.shann.mcuserservice.McUserServiceTest" time="0.624">
    <system-err><![CDATA[WARNING: A Java agent has been loaded dynamically (/Users/shantanukumar/.m2/repository/net/bytebuddy/byte-buddy-agent/1.14.8/byte-buddy-agent-1.14.8.jar)
WARNING: If a serviceability tool is in use, please run with -XX:+EnableDynamicAgentLoading to hide this warning
WARNING: If a serviceability tool is not in use, please run with -Djdk.instrument.traceUsage for more information
WARNING: Dynamic loading of agents will be disallowed by default in a future release
]]></system-err>
  </testcase>
  <testcase name="shouldNotBeAbleToCreateNewUser" classname="dev.shann.mcuserservice.McUserServiceTest" time="0.004"/>
  <testcase name="shouldAuthenticate" classname="dev.shann.mcuserservice.McUserServiceTest" time="0.002"/>
  <testcase name="shouldNotBeAbleToAuthenticate" classname="dev.shann.mcuserservice.McUserServiceTest" time="0.004"/>
</testsuite>