<?xml version="1.0" encoding="UTF-8"?>
<testsuite xmlns:xsi="http://www.w3.org/2001/XMLSchema-instance" xsi:noNamespaceSchemaLocation="https://maven.apache.org/surefire/maven-surefire-plugin/xsd/surefire-test-report-3.0.xsd" version="3.0" name="dev.shann.mcuserservice.McuserserviceApplicationTests" time="5.234" tests="3" errors="0" skipped="0" failures="0">
  <properties>
[...]
</properties>
  <testcase name="shouldAuthenticateUser" classname="dev.shann.mcuserservice.McuserserviceApplicationTests" time="0.314">
    <system-out><![CDATA[
  .   ____          _            __ _ _
 /\\ / ___'_ __ _ _(_)_ __  __ _ \ \ \ \
( ( )\___ | '_ | '_| | '_ \/ _` | \ \ \ \
 \\/  ___)| |_)| | | | | || (_| |  ) ) ) )
  '  |____| .__|_| |_|_| |_\__, | / / / /
 =========|_|==============|___/=/_/_/_/
 :: Spring Boot ::                (v3.1.4)

2024-03-17T20:39:03.198+05:30  INFO 26850 --- [           main] d.s.m.McuserserviceApplicationTests      : Starting McuserserviceApplicationTests using Java 17.0.10 with PID 26850 (started by shantanukumar in /Users/shantanukumar/IdeaProjects/mcuserservice)
2024-03-17T20:39:03.200+05:30  INFO 26850 --- [           main] d.s.m.McuserserviceApplicationTests      : The following 1 profile is active: "test"
2024-03-17T20:39:03.779+05:30  INFO 26850 --- [           main] .s.d.r.c.RepositoryConfigurationDelegate : Bootstrapping Spring Data JPA repositories in DEFAULT mode.
2024-03-17T20:39:03.912+05:30  INFO 26850 --- [           main] .s.d.r.c.RepositoryConfigurationDelegate : Finished Spring Data repository scanning in 125 ms. Found 1 JPA repository interfaces.
2024-03-17T20:39:04.115+05:30  INFO 26850 --- [           main] o.s.cloud.context.scope.GenericScope     : BeanFactory id=ef784bf1-74d9-36db-9fee-5556b0272049
2024-03-17T20:39:04.345+05:30  INFO 26850 --- [           main] o.hibernate.jpa.internal.util.LogHelper  : HHH000204: Processing PersistenceUnitInfo [name: default]
2024-03-17T20:39:04.412+05:30  INFO 26850 --- [           main] org.hibernate.Version                    : HHH000412: Hibernate ORM core version 6.2.9.Final
2024-03-17T20:39:04.414+05:30  INFO 26850 --- [           main] org.hibernate.cfg.Environment            : HHH000406: Using bytecode reflection optimizer
2024-03-17T20:39:04.550+05:30  INFO 26850 --- [           main] o.h.b.i.BytecodeProviderInitiator        : HHH000021: Bytecode provider name : bytebuddy
2024-03-17T20:39:04.557+05:30  INFO 26850 --- [           main] o.s.o.j.p.SpringPersistenceUnitInfo      : No LoadTimeWeaver setup: ignoring JPA class transformer
2024-03-17T20:39:04.582+05:30  INFO 26850 --- [           main] com.zaxxer.hikari.HikariDataSource       : HikariPool-1 - Starting...
2024-03-17T20:39:04.868+05:30  INFO 26850 --- [           main] com.zaxxer.hikari.pool.HikariPool        : HikariPool-1 - Added connection conn0: url=jdbc:h2:mem:mcuser user=ROOT
2024-03-17T20:39:04.870+05:30  INFO 26850 --- [           main] com.zaxxer.hikari.HikariDataSource       : HikariPool-1 - Start completed.
2024-03-17T20:39:05.071+05:30  INFO 26850 --- [           main] o.h.b.i.BytecodeProviderInitiator        : HHH000021: Bytecode provider name : bytebuddy
2024-03-17T20:39:05.464+05:30  INFO 26850 --- [           main] o.h.e.t.j.p.i.JtaPlatformInitiator       : HHH000490: Using JtaPlatform implementation: [org.hibernate.engine.transaction.jta.platform.internal.NoJtaPlatform]
Hibernate: create table users (id bigint generated by default as identity, email varchar(255), password varchar(255), primary key (id))
2024-03-17T20:39:05.522+05:30  INFO 26850 --- [           main] j.LocalContainerEntityManagerFactoryBean : Initialized JPA EntityManagerFactory for persistence unit 'default'
2024-03-17T20:39:05.850+05:30  WARN 26850 --- [           main] JpaBaseConfiguration$JpaWebConfiguration : spring.jpa.open-in-view is enabled by default. Therefore, database queries may be performed during view rendering. Explicitly configure spring.jpa.open-in-view to disable this warning
2024-03-17T20:39:06.136+05:30  INFO 26850 --- [           main] o.s.b.a.h2.H2ConsoleAutoConfiguration    : H2 console available at '/h2-console'. Database available at 'jdbc:h2:mem:mcuser'
2024-03-17T20:39:06.170+05:30  INFO 26850 --- [           main] o.s.b.t.m.w.SpringBootMockServletContext : Initializing Spring TestDispatcherServlet ''
2024-03-17T20:39:06.170+05:30  INFO 26850 --- [           main] o.s.t.web.servlet.TestDispatcherServlet  : Initializing Servlet ''
2024-03-17T20:39:06.172+05:30  INFO 26850 --- [           main] o.s.t.web.servlet.TestDispatcherServlet  : Completed initialization in 1 ms
2024-03-17T20:39:06.207+05:30  INFO 26850 --- [           main] DiscoveryClientOptionalArgsConfiguration : Eureka HTTP Client uses RestTemplate.
2024-03-17T20:39:06.258+05:30  WARN 26850 --- [           main] iguration$LoadBalancerCaffeineWarnLogger : Spring Cloud LoadBalancer is currently working with the default cache. While this cache implementation is useful for development and tests, it's recommended to use Caffeine cache in production.You can switch to using Caffeine cache, by adding it and org.springframework.cache.caffeine.CaffeineCacheManager to the classpath.
2024-03-17T20:39:06.273+05:30  INFO 26850 --- [           main] o.s.c.n.eureka.InstanceInfoFactory       : Setting initial instance status as: STARTING
2024-03-17T20:39:06.326+05:30  INFO 26850 --- [           main] com.netflix.discovery.DiscoveryClient    : Initializing Eureka in region us-east-1
2024-03-17T20:39:06.330+05:30  INFO 26850 --- [           main] c.n.d.s.r.aws.ConfigClusterResolver      : Resolving eureka endpoints via configuration
2024-03-17T20:39:06.348+05:30  INFO 26850 --- [           main] com.netflix.discovery.DiscoveryClient    : Disable delta property : false
2024-03-17T20:39:06.349+05:30  INFO 26850 --- [           main] com.netflix.discovery.DiscoveryClient    : Single vip registry refresh property : null
2024-03-17T20:39:06.349+05:30  INFO 26850 --- [           main] com.netflix.discovery.DiscoveryClient    : Force full registry fetch : false
2024-03-17T20:39:06.349+05:30  INFO 26850 --- [           main] com.netflix.discovery.DiscoveryClient    : Application is null : false
2024-03-17T20:39:06.349+05:30  INFO 26850 --- [           main] com.netflix.discovery.DiscoveryClient    : Registered Applications size is zero : true
2024-03-17T20:39:06.349+05:30  INFO 26850 --- [           main] com.netflix.discovery.DiscoveryClient    : Application version is -1: true
2024-03-17T20:39:06.349+05:30  INFO 26850 --- [           main] com.netflix.discovery.DiscoveryClient    : Getting all instance registry info from the eureka server
2024-03-17T20:39:06.673+05:30  INFO 26850 --- [           main] com.netflix.discovery.DiscoveryClient    : The response status is 200
2024-03-17T20:39:06.675+05:30  INFO 26850 --- [           main] com.netflix.discovery.DiscoveryClient    : Starting heartbeat executor: renew interval is: 30
2024-03-17T20:39:06.677+05:30  INFO 26850 --- [           main] c.n.discovery.InstanceInfoReplicator     : InstanceInfoReplicator onDemand update allowed rate per min is 4
2024-03-17T20:39:06.679+05:30  INFO 26850 --- [           main] com.netflix.discovery.DiscoveryClient    : Discovery Client initialized at timestamp 1710688146679 with initial instances count: 1
2024-03-17T20:39:06.683+05:30  INFO 26850 --- [           main] o.s.c.n.e.s.EurekaServiceRegistry        : Registering application USER-SERVICE with eureka with status UP
2024-03-17T20:39:06.683+05:30  INFO 26850 --- [           main] com.netflix.discovery.DiscoveryClient    : Saw local status change event StatusChangeEvent [timestamp=1710688146683, current=UP, previous=STARTING]
2024-03-17T20:39:06.684+05:30  INFO 26850 --- [nfoReplicator-0] com.netflix.discovery.DiscoveryClient    : DiscoveryClient_USER-SERVICE/192.168.29.91:user-service:8082: registering service...
2024-03-17T20:39:06.694+05:30  INFO 26850 --- [           main] d.s.m.McuserserviceApplicationTests      : Started McuserserviceApplicationTests in 3.839 seconds (process running for 6.075)
2024-03-17T20:39:06.720+05:30  INFO 26850 --- [nfoReplicator-0] com.netflix.discovery.DiscoveryClient    : DiscoveryClient_USER-SERVICE/192.168.29.91:user-service:8082 - registration status: 204
Hibernate: select u1_0.id,u1_0.email,u1_0.password from users u1_0 where u1_0.email=?
]]></system-out>
  </testcase>
  <testcase name="shouldNotBeAbleToAuthenticateUser" classname="dev.shann.mcuserservice.McuserserviceApplicationTests" time="0.143">
    <system-out><![CDATA[Hibernate: select u1_0.id,u1_0.email,u1_0.password from users u1_0 where u1_0.email=?
]]></system-out>
  </testcase>
  <testcase name="shouldCreateUser" classname="dev.shann.mcuserservice.McuserserviceApplicationTests" time="0.335">
    <system-out><![CDATA[Hibernate: insert into users (email,password,id) values (?,?,default)
]]></system-out>
  </testcase>
</testsuite>